
[0;90mINFO: === SciTeX Writer v2.0.0a0 ===[0m
[0;90mINFO: Running ./scripts/shell/compile_manuscript.sh...[0m
[0;32mSUCC:     Configuration Loaded for manuscript (v2.0.0a0)[0m

[0;90mINFO: Running ./scripts/shell/compile_manuscript.sh...[0m
[0;90mINFO: [02:21:55] Starting: Dependency Check[0m

[0;90mINFO: Running ./scripts/shell/modules/check_dependancy_commands.sh...[0m
[0;90mINFO:     Warmup: 5ms[0m
[0;90mINFO:     Parallel checks: 390ms[0m
[0;32mSUCC:     Required tools:[0m
      pdflatex             ✓
      bibtex               ✓
      latexdiff            ✓
      texcount             ✓
      xlsx2csv             ✓
      csv2latex            ✓
      parallel             ✓
[0;32mSUCC: [02:21:56] Completed: Dependency Check (1s elapsed, 4s total)[0m
[0;90mINFO: [02:21:56] Starting: Bibliography Merge[0m
[0;32mSUCC: [02:21:56] Completed: Bibliography Merge (0s elapsed, 4s total)[0m
[0;90mINFO: [02:21:56] Starting: Citation Style[0m
[0;32mSUCC: Citation style already set to: unsrtnat[0m
[0;32mSUCC: [02:21:56] Completed: Citation Style (0s elapsed, 4s total)[0m
[0;90mINFO: [02:21:56] Starting: Parallel Processing (Figures, Tables, Word Count)[0m
[0;90mINFO:   Figure Processing:[0m
    
    [0;90mINFO: Running ./scripts/shell/modules/process_figures.sh ...[0m
    [0;90mINFO:     No figure source files found, creating placeholders only...[0m
    [0;90mINFO:     Cleaning jpg_for_compilation directory...[0m
    [0;90mINFO:     Skipping conversion pipeline (no source files)[0m
    [0;90mINFO:     Checking for missing figures...[0m
    [0;33mWARN:     Missing source for: 01_example_figure[0m
    convert-im6.q16: unable to read font `Arial-Bold' @ warning/annotate.c/RenderType/949.
    [0;33mWARN:     Created guided placeholder: 01_example_figure.jpg[0m
    [0;33mWARN:     Missing source for: 02_another_example[0m
    convert-im6.q16: unable to read font `Arial-Bold' @ warning/annotate.c/RenderType/949.
    [0;33mWARN:     Created guided placeholder: 02_another_example.jpg[0m
    [0;90mINFO:     Optimizing figures with Python script...[0m
[0;90mINFO:   Table Processing:[0m
    
    [0;90mINFO: Running ./scripts/shell/modules/process_tables.sh ...[0m
    [0;90mINFO:   [02:21:56] Initializing tables[0m
    [0;32mSUCC:   [02:21:56] Initializing tables (0s)[0m
    [0;90mINFO:   [02:21:56] Converting XLSX to CSV[0m
    [0;32mSUCC:   [02:21:56] Converting XLSX to CSV (0s)[0m
    [0;90mINFO:   [02:21:56] Ensuring captions exist[0m
    [0;32mSUCC:   [02:21:56] Ensuring captions exist (0s)[0m
    [0;90mINFO:   [02:21:56] Converting CSV to LaTeX[0m
    [0;90mINFO:     Using csv2latex for table processing[0m
    [0;32mSUCC:   [02:21:56] Converting CSV to LaTeX (0s)[0m
    [0;90mINFO:   [02:21:56] Gathering table files[0m
    [0;90mINFO:     Created table header template with instructions[0m
    [0;32mSUCC:     1 tables compiled[0m
    [0;32mSUCC:   [02:21:56] Gathering table files (0s)[0m
[0;90mINFO:   Word Count:[0m
    
    [0;90mINFO: Running ./scripts/shell/modules/count_words.sh ...[0m
    [0;32mSUCC:     Word counts updated:[0m
    [0;32mSUCC:       Figures: 2[0m
    [0;32mSUCC:       Tables: 0[0m
    [0;32mSUCC:       Abstract: 157 words[0m
    [0;32mSUCC:       Main text (IMRD): 2072 words[0m
[0;32mSUCC: [02:21:57] Completed: Parallel Processing (1s elapsed, 5s total)[0m
[0;90mINFO: [02:21:57] Starting: TeX Compilation (Structure)[0m

[0;90mINFO: Running ./scripts/shell/modules/compilation_structure_tex_to_compiled_tex.sh ...[0m
[0;32mSUCC:     ./01_manuscript/manuscript.tex compiled[0m
[0;32mSUCC: [02:21:57] Completed: TeX Compilation (Structure) (0s elapsed, 5s total)[0m
[0;90mINFO: [02:21:57] Starting: PDF Generation[0m

[0;90mINFO: Running ./scripts/shell/modules/compilation_compiled_tex_to_compiled_pdf.sh ...[0m
[0;90mINFO:     Converting ./01_manuscript/manuscript.tex to PDF...[0m
[0;90mINFO:     Using latexmk (intelligent compilation)[0m
[0;33mWARN:     Compilation completed with warnings (check citations/references)[0m
[0;32mSUCC:     Total compilation: 2s[0m
[0;32mSUCC:     ./01_manuscript/manuscript.pdf ready (416K)[0m
[0;32mSUCC:     Symlink updated: ./01_manuscript/manuscript-latest.pdf -> archive/manuscript_v038.pdf[0m
[0;32mSUCC: [02:22:00] Completed: PDF Generation (3s elapsed, 8s total)[0m
[0;90mINFO: [02:22:00] Starting: Diff Generation[0m

[0;90mINFO: Running ./scripts/shell/modules/process_diff.sh ...[0m
[0;90mINFO:     Creating diff between archive...[0m
[0;32mSUCC:     ./01_manuscript/manuscript_diff.tex created[0m
[0;90mINFO:     Compiling diff document...[0m
[0;90mINFO:     Using latexmk (intelligent compilation)[0m
Rc files read:
  /etc/LatexMk
Latexmk: Run number 1 of rule 'pdflatex'
This is pdfTeX, Version 3.141592653-2.6-1.40.22 (TeX Live 2022/dev/Debian) (preloaded format=pdflatex)
 \write18 enabled.
entering extended mode
Latexmk: Missing bbl file '01_manuscript/manuscript_diff.bbl' in following:
 No file manuscript_diff.bbl.
Latexmk: Summary of warnings from last run of *latex:
  Latex failed to resolve 3 reference(s)
  Latex failed to resolve 11 citation(s)
Collected error summary (may duplicate other messages):
  pdflatex: Command for 'pdflatex' gave return code 1
      Refer to '01_manuscript/manuscript_diff.log' for details
Latexmk: Use the -f option to force complete processing,
 unless error was exceeding maximum runs, or warnings treated as errors.
[0;32mSUCC:     ./01_manuscript/manuscript_diff.pdf ready (416K)[0m
[0;90mINFO:     Total time: 5s[0m
[0;32mSUCC: [02:22:05] Completed: Diff Generation (5s elapsed, 13s total)[0m
[0;90mINFO: [02:22:05] Starting: Archive/Versioning[0m

[0;90mINFO: Running ./scripts/shell/modules/process_archive.sh...[0m
[0;32mSUCC:     Version allocated as: v039[0m
[0;32mSUCC: [02:22:05] Completed: Archive/Versioning (0s elapsed, 13s total)[0m
[0;90mINFO: [02:22:05] Starting: Cleanup[0m

[0;90mINFO: Running ./scripts/shell/modules/cleanup.sh...[0m
[0;90mINFO:     Removing versioned files from current directory...[0m
[0;32mSUCC: [02:22:05] Completed: Cleanup (0s elapsed, 13s total)[0m
[0;90mINFO: [02:22:05] Starting: Directory Tree[0m

[0;90mINFO: ./scripts/shell/modules/custom_tree.sh...[0m
[0;32mSUCC:     ./01_manuscript/docs/tree.txt created[0m
[0;32mSUCC: [02:22:05] Completed: Directory Tree (0s elapsed, 13s total)[0m

[0;32mSUCC: ====================================================[0m
[0;32mSUCC: TOTAL COMPILATION TIME: 13s[0m
[0;32mSUCC: ====================================================[0m
[0;32mSUCC: See ./01_manuscript/logs/global.log[0m
